TN:
SF:script/Deploy.s.sol
FN:24,Deploy.run
FNDA:0,Deploy.run
DA:25,0
DA:26,0
DA:28,0
DA:29,0
DA:30,0
DA:32,0
FN:35,Deploy.deployLLM
FNDA:0,Deploy.deployLLM
DA:37,0
DA:40,0
DA:43,0
DA:52,0
DA:53,0
DA:56,0
DA:64,0
DA:65,0
FN:68,Deploy.writeContractAddresses
FNDA:0,Deploy.writeContractAddresses
DA:70,0
DA:71,0
DA:72,0
DA:75,0
DA:77,0
DA:97,0
FNF:3
FNH:0
LF:20
LH:0
BRF:0
BRH:0
end_of_record
TN:
SF:script/HelperConfig.s.sol
FN:28,HelperConfig.
FNDA:0,HelperConfig.
DA:30,0
DA:31,0
DA:32,0
DA:33,0
DA:36,0
BRDA:36,0,0,-
DA:38,0
DA:41,0
FNF:1
FNH:0
LF:7
LH:0
BRF:1
BRH:0
end_of_record
TN:
SF:src/LLMOracleCoordinator.sol
FN:88,LLMOracleCoordinator.onlyRegistered
FNDA:5,LLMOracleCoordinator.onlyRegistered
DA:89,5
BRDA:89,0,0,-
DA:91,0
FN:97,LLMOracleCoordinator.onlyAtStatus
FNDA:5,LLMOracleCoordinator.onlyAtStatus
DA:98,5
BRDA:98,1,0,-
DA:99,0
FN:104,LLMOracleCoordinator.isWhiteListed
FNDA:5,LLMOracleCoordinator.isWhiteListed
DA:105,5
BRDA:105,2,0,1
DA:106,1
FN:118,LLMOracleCoordinator.
FNDA:5,LLMOracleCoordinator.
DA:119,5
FN:128,LLMOracleCoordinator._authorizeUpgrade
FNDA:0,LLMOracleCoordinator._authorizeUpgrade
FN:139,LLMOracleCoordinator.initialize
FNDA:5,LLMOracleCoordinator.initialize
DA:146,5
DA:147,5
DA:148,5
DA:149,5
DA:150,5
FN:165,LLMOracleCoordinator.request
FNDA:4,LLMOracleCoordinator.request
DA:171,4
DA:172,4
BRDA:172,3,0,-
DA:173,0
DA:176,4
DA:177,4
BRDA:177,4,0,-
DA:178,0
DA:182,4
DA:183,4
BRDA:183,5,0,-
DA:184,0
DA:188,4
DA:189,4
DA:192,4
DA:194,4
DA:196,4
DA:199,4
DA:210,4
DA:212,4
FN:225,LLMOracleCoordinator.respond
FNDA:12,LLMOracleCoordinator.respond
DA:230,8
DA:233,8
DA:234,4
BRDA:234,6,0,1
DA:235,1
DA:240,7
DA:243,7
DA:245,7
DA:248,7
DA:251,7
BRDA:251,7,0,2
DA:252,2
DA:256,7
DA:257,4
BRDA:257,8,0,4
DA:258,4
BRDA:258,9,0,1
BRDA:258,9,1,3
DA:260,1
DA:261,1
DA:264,3
DA:265,3
FN:278,LLMOracleCoordinator.validate
FNDA:5,LLMOracleCoordinator.validate
DA:284,4
DA:287,4
BRDA:287,10,0,-
DA:288,0
DA:292,4
DA:293,7
BRDA:293,11,0,-
DA:294,0
DA:299,4
DA:300,7
BRDA:300,12,0,1
DA:301,1
DA:306,3
DA:307,2
BRDA:307,13,0,1
DA:308,1
DA:313,2
DA:316,2
DA:321,2
DA:324,2
DA:325,1
BRDA:325,14,0,1
DA:326,1
DA:327,1
DA:330,1
FN:339,LLMOracleCoordinator.assertValidNonce
FNDA:9,LLMOracleCoordinator.assertValidNonce
DA:340,9
DA:341,9
BRDA:341,15,0,-
DA:342,0
FN:349,LLMOracleCoordinator.finalizeValidation
FNDA:1,LLMOracleCoordinator.finalizeValidation
DA:350,1
DA:354,1
DA:356,2
DA:357,2
DA:358,4
DA:362,2
DA:366,2
DA:367,2
DA:368,2
DA:369,4
DA:370,4
BRDA:370,16,0,4
DA:371,4
DA:372,4
DA:375,4
DA:381,2
DA:382,2
DA:387,1
DA:388,1
DA:389,2
DA:396,1
DA:397,1
DA:399,2
BRDA:399,17,0,2
DA:400,2
FN:409,LLMOracleCoordinator.withdrawPlatformFees
FNDA:1,LLMOracleCoordinator.withdrawPlatformFees
DA:410,1
DA:411,1
FN:417,LLMOracleCoordinator.getResponses
FNDA:0,LLMOracleCoordinator.getResponses
DA:418,0
FN:424,LLMOracleCoordinator.getValidations
FNDA:0,LLMOracleCoordinator.getValidations
DA:425,0
FN:431,LLMOracleCoordinator._increaseAllowance
FNDA:8,LLMOracleCoordinator._increaseAllowance
DA:432,8
FN:439,LLMOracleCoordinator.getBestResponse
FNDA:0,LLMOracleCoordinator.getBestResponse
DA:440,0
DA:443,0
BRDA:443,18,0,-
DA:444,0
DA:448,0
DA:449,0
DA:450,0
DA:451,0
BRDA:451,19,0,-
DA:452,0
DA:453,0
DA:457,0
FNF:16
FNH:12
LF:107
LH:87
BRF:21
BRH:11
end_of_record
TN:
SF:src/LLMOracleManager.sol
FN:47,LLMOracleManager.__LLMOracleManager_init
FNDA:5,LLMOracleManager.__LLMOracleManager_init
DA:51,5
DA:53,5
DA:54,5
DA:57,5
FN:65,LLMOracleManager.onlyValidParameters
FNDA:4,LLMOracleManager.onlyValidParameters
DA:67,4
DA:68,0
BRDA:68,0,0,-
DA:69,0
DA:75,4
DA:76,4
DA:77,0
BRDA:77,1,0,-
DA:78,0
DA:84,4
DA:85,4
DA:86,0
BRDA:86,2,0,-
DA:87,0
FN:99,LLMOracleManager.setFees
FNDA:0,LLMOracleManager.setFees
DA:100,5
DA:101,5
DA:102,5
FN:110,LLMOracleManager.getFee
FNDA:4,LLMOracleManager.getFee
DA:115,8
DA:116,8
DA:117,8
DA:118,8
FN:126,LLMOracleManager.setParameters
FNDA:0,LLMOracleManager.setParameters
DA:130,0
DA:131,0
FN:138,LLMOracleManager.setDeviationFactors
FNDA:0,LLMOracleManager.setDeviationFactors
DA:142,0
DA:143,0
FNF:6
FNH:3
LF:26
LH:16
BRF:3
BRH:0
end_of_record
TN:
SF:src/LLMOracleRegistry.sol
FN:73,LLMOracleRegistry.
FNDA:14,LLMOracleRegistry.
DA:74,14
FN:83,LLMOracleRegistry._authorizeUpgrade
FNDA:0,LLMOracleRegistry._authorizeUpgrade
FN:86,LLMOracleRegistry.initialize
FNDA:14,LLMOracleRegistry.initialize
DA:92,14
DA:93,14
DA:94,14
DA:95,14
DA:96,14
FN:106,LLMOracleRegistry.register
FNDA:42,LLMOracleRegistry.register
DA:107,42
BRDA:107,0,0,19
DA:108,19
BRDA:108,1,0,-
DA:109,0
DA:113,42
DA:116,42
BRDA:116,2,0,1
DA:117,1
DA:121,41
BRDA:121,3,0,1
DA:122,1
DA:124,40
DA:127,40
DA:128,40
DA:130,40
FN:137,LLMOracleRegistry.unregister
FNDA:6,LLMOracleRegistry.unregister
DA:138,6
DA:141,6
BRDA:141,4,0,1
DA:142,1
DA:146,5
BRDA:146,5,0,1
DA:147,1
DA:151,5
BRDA:151,6,0,1
DA:152,1
DA:156,4
DA:157,4
DA:158,4
DA:161,4
FN:166,LLMOracleRegistry.setStakeAmounts
FNDA:0,LLMOracleRegistry.setStakeAmounts
DA:167,0
DA:168,0
FN:172,LLMOracleRegistry.getStakeAmount
FNDA:0,LLMOracleRegistry.getStakeAmount
DA:173,141
FN:177,LLMOracleRegistry.isRegistered
FNDA:57,LLMOracleRegistry.isRegistered
DA:178,99
FNF:8
FNH:5
LF:33
LH:30
BRF:7
BRH:6
end_of_record
TN:
SF:src/Statistics.sol
FN:11,Statistics.avg
FNDA:771,Statistics.avg
DA:12,771
DA:13,771
DA:14,4870
DA:17,771
FN:22,Statistics.variance
FNDA:515,Statistics.variance
DA:23,515
DA:24,515
DA:25,515
DA:26,3846
DA:28,3846
DA:30,515
FN:36,Statistics.stddev
FNDA:259,Statistics.stddev
DA:37,259
DA:38,259
DA:39,259
FNF:3
FNH:3
LF:13
LH:13
BRF:0
BRH:0
end_of_record
TN:
SF:src/Whitelist.sol
FN:37,Whitelist.addToWhitelist
FNDA:11,Whitelist.addToWhitelist
DA:38,11
DA:39,33
BRDA:39,0,0,30
DA:40,30
DA:41,30
FN:48,Whitelist.removeFromWhitelist
FNDA:2,Whitelist.removeFromWhitelist
DA:49,1
BRDA:49,1,0,1
DA:50,1
DA:51,1
FNF:2
FNH:2
LF:7
LH:7
BRF:2
BRH:2
end_of_record
