TN:
SF:script/Deploy.s.sol
FN:24,Deploy.run
FNDA:0,Deploy.run
DA:25,0
DA:26,0
DA:28,0
DA:29,0
DA:30,0
DA:32,0
FN:35,Deploy.deployLLM
FNDA:0,Deploy.deployLLM
DA:37,0
DA:40,0
DA:43,0
DA:52,0
DA:53,0
DA:56,0
DA:64,0
DA:65,0
FN:68,Deploy.writeContractAddresses
FNDA:0,Deploy.writeContractAddresses
DA:70,0
DA:71,0
DA:72,0
DA:75,0
DA:77,0
DA:97,0
FNF:3
FNH:0
LF:20
LH:0
BRF:0
BRH:0
end_of_record
TN:
SF:script/HelperConfig.s.sol
FN:28,HelperConfig.
FNDA:0,HelperConfig.
DA:30,0
DA:31,0
DA:32,0
DA:33,0
DA:36,0
BRDA:36,0,0,-
DA:38,0
DA:41,0
FNF:1
FNH:0
LF:7
LH:0
BRF:1
BRH:0
end_of_record
TN:
SF:src/LLMOracleCoordinator.sol
FN:88,LLMOracleCoordinator.onlyRegistered
FNDA:6,LLMOracleCoordinator.onlyRegistered
DA:89,6
BRDA:89,0,0,-
DA:91,0
FN:97,LLMOracleCoordinator.onlyAtStatus
FNDA:6,LLMOracleCoordinator.onlyAtStatus
DA:98,6
BRDA:98,1,0,-
DA:99,0
FN:104,LLMOracleCoordinator.isWhiteListed
FNDA:6,LLMOracleCoordinator.isWhiteListed
DA:105,6
BRDA:105,2,0,1
DA:106,1
FN:118,LLMOracleCoordinator.
FNDA:6,LLMOracleCoordinator.
DA:119,6
FN:128,LLMOracleCoordinator._authorizeUpgrade
FNDA:0,LLMOracleCoordinator._authorizeUpgrade
FN:139,LLMOracleCoordinator.initialize
FNDA:6,LLMOracleCoordinator.initialize
DA:146,6
DA:147,6
DA:148,6
DA:149,6
DA:150,6
FN:165,LLMOracleCoordinator.request
FNDA:5,LLMOracleCoordinator.request
DA:171,5
DA:173,5
BRDA:173,3,0,-
DA:174,0
DA:178,5
DA:179,5
BRDA:179,4,0,-
DA:180,0
DA:184,5
DA:185,5
BRDA:185,5,0,-
DA:186,0
DA:190,5
DA:191,5
DA:194,5
DA:196,5
DA:198,5
DA:201,5
DA:212,5
DA:214,5
FN:227,LLMOracleCoordinator.respond
FNDA:16,LLMOracleCoordinator.respond
DA:232,12
DA:235,12
DA:236,10
BRDA:236,6,0,1
DA:237,1
DA:242,11
DA:245,11
DA:247,11
DA:250,11
DA:253,11
BRDA:253,7,0,2
DA:254,2
DA:258,11
DA:259,5
BRDA:259,8,0,5
DA:260,5
BRDA:260,9,0,1
BRDA:260,9,1,4
DA:262,1
DA:263,1
DA:266,4
DA:267,4
FN:280,LLMOracleCoordinator.validate
FNDA:6,LLMOracleCoordinator.validate
DA:286,5
DA:289,5
BRDA:289,10,0,-
DA:290,0
DA:294,5
DA:295,11
BRDA:295,11,0,-
DA:296,0
DA:301,5
DA:302,11
BRDA:302,12,0,1
DA:303,1
DA:308,4
DA:309,2
BRDA:309,13,0,1
DA:310,1
DA:315,3
DA:318,3
DA:323,3
DA:326,3
DA:327,2
BRDA:327,14,0,2
DA:328,2
DA:329,2
DA:332,2
FN:341,LLMOracleCoordinator.assertValidNonce
FNDA:14,LLMOracleCoordinator.assertValidNonce
DA:342,14
DA:343,14
BRDA:343,15,0,-
DA:344,0
FN:351,LLMOracleCoordinator.finalizeValidation
FNDA:2,LLMOracleCoordinator.finalizeValidation
DA:352,2
DA:355,2
DA:357,6
DA:358,6
DA:359,8
DA:363,6
DA:367,6
DA:368,6
DA:369,6
DA:371,8
DA:372,8
BRDA:372,16,0,8
DA:373,8
DA:374,8
DA:377,8
DA:382,6
DA:383,6
DA:388,2
DA:389,2
DA:390,6
DA:394,2
DA:395,2
DA:397,6
BRDA:397,17,0,5
DA:398,5
FN:404,LLMOracleCoordinator.withdrawPlatformFees
FNDA:1,LLMOracleCoordinator.withdrawPlatformFees
DA:405,1
DA:406,1
FN:412,LLMOracleCoordinator.getResponses
FNDA:0,LLMOracleCoordinator.getResponses
DA:413,0
FN:419,LLMOracleCoordinator.getValidations
FNDA:0,LLMOracleCoordinator.getValidations
DA:420,0
FN:426,LLMOracleCoordinator._increaseAllowance
FNDA:15,LLMOracleCoordinator._increaseAllowance
DA:427,15
FN:434,LLMOracleCoordinator.getBestResponse
FNDA:0,LLMOracleCoordinator.getBestResponse
DA:435,0
DA:438,0
BRDA:438,18,0,-
DA:439,0
DA:443,0
DA:444,0
DA:445,0
DA:446,0
BRDA:446,19,0,-
DA:447,0
DA:448,0
DA:452,0
FNF:16
FNH:12
LF:107
LH:87
BRF:21
BRH:11
end_of_record
TN:
SF:src/LLMOracleManager.sol
FN:45,LLMOracleManager.__LLMOracleManager_init
FNDA:6,LLMOracleManager.__LLMOracleManager_init
DA:49,6
DA:51,6
DA:52,6
DA:55,6
FN:63,LLMOracleManager.onlyValidParameters
FNDA:5,LLMOracleManager.onlyValidParameters
DA:65,5
DA:66,0
BRDA:66,0,0,-
DA:67,0
DA:73,5
DA:74,5
DA:75,0
BRDA:75,1,0,-
DA:76,0
DA:82,5
DA:83,5
DA:84,0
BRDA:84,2,0,-
DA:85,0
FN:97,LLMOracleManager.setFees
FNDA:0,LLMOracleManager.setFees
DA:98,6
DA:99,6
DA:100,6
FN:108,LLMOracleManager.getFee
FNDA:5,LLMOracleManager.getFee
DA:113,10
DA:114,10
DA:115,10
DA:116,10
FN:124,LLMOracleManager.setParameters
FNDA:0,LLMOracleManager.setParameters
DA:128,0
DA:129,0
FN:135,LLMOracleManager.setGenerationDeviationFactor
FNDA:0,LLMOracleManager.setGenerationDeviationFactor
DA:136,0
FNF:6
FNH:3
LF:25
LH:16
BRF:3
BRH:0
end_of_record
TN:
SF:src/LLMOracleRegistry.sol
FN:73,LLMOracleRegistry.
FNDA:15,LLMOracleRegistry.
DA:74,15
FN:83,LLMOracleRegistry._authorizeUpgrade
FNDA:0,LLMOracleRegistry._authorizeUpgrade
FN:86,LLMOracleRegistry.initialize
FNDA:15,LLMOracleRegistry.initialize
DA:92,15
DA:93,15
DA:94,15
DA:95,15
DA:96,15
FN:106,LLMOracleRegistry.register
FNDA:54,LLMOracleRegistry.register
DA:107,54
BRDA:107,0,0,22
DA:108,22
BRDA:108,1,0,-
DA:109,0
DA:113,54
DA:116,54
BRDA:116,2,0,1
DA:117,1
DA:121,53
BRDA:121,3,0,1
DA:122,1
DA:124,52
DA:127,52
DA:128,52
DA:130,52
FN:137,LLMOracleRegistry.unregister
FNDA:6,LLMOracleRegistry.unregister
DA:138,6
DA:141,6
BRDA:141,4,0,1
DA:142,1
DA:146,5
BRDA:146,5,0,1
DA:147,1
DA:151,5
BRDA:151,6,0,1
DA:152,1
DA:156,4
DA:157,4
DA:158,4
DA:161,4
FN:166,LLMOracleRegistry.setStakeAmounts
FNDA:0,LLMOracleRegistry.setStakeAmounts
DA:167,0
DA:168,0
FN:172,LLMOracleRegistry.getStakeAmount
FNDA:0,LLMOracleRegistry.getStakeAmount
DA:173,183
FN:177,LLMOracleRegistry.isRegistered
FNDA:75,LLMOracleRegistry.isRegistered
DA:178,129
FNF:8
FNH:5
LF:33
LH:30
BRF:7
BRH:6
end_of_record
TN:
SF:src/Statistics.sol
FN:13,Statistics.avg
FNDA:791,Statistics.avg
DA:14,791
DA:15,791
DA:16,5013
DA:17,5013
BRDA:17,0,0,-
BRDA:17,0,1,5013
DA:18,5013
DA:20,791
FN:25,Statistics.variance
FNDA:530,Statistics.variance
DA:26,530
DA:28,530
DA:29,530
DA:30,3944
DA:31,3944
DA:32,3944
DA:34,530
DA:35,530
FN:41,Statistics.stddev
FNDA:269,Statistics.stddev
DA:42,269
DA:43,269
DA:44,269
DA:45,269
BRDA:45,1,0,-
BRDA:45,1,1,269
DA:46,269
FNF:3
FNH:3
LF:19
LH:19
BRF:4
BRH:2
end_of_record
TN:
SF:src/Whitelist.sol
FN:37,Whitelist.addToWhitelist
FNDA:13,Whitelist.addToWhitelist
DA:38,13
DA:39,43
BRDA:39,0,0,37
DA:40,37
DA:41,37
FN:48,Whitelist.removeFromWhitelist
FNDA:2,Whitelist.removeFromWhitelist
DA:49,1
BRDA:49,1,0,1
DA:50,1
DA:51,1
FNF:2
FNH:2
LF:7
LH:7
BRF:2
BRH:2
end_of_record
